{"name": "test_add_product_to_cart", "status": "failed", "statusDetails": {"message": "selene.core.exceptions.TimeoutException: Message: \n\nTimed out after 2.0s, while waiting for:\nbrowser.element(('css selector', '.cart_item_label')).has texts ('Sauce Labs Onesie',)\n\nReason: NoSuchElementException: Message: Unable to locate element: .cart_item_label\nStacktrace:\nRemoteError@chrome://remote/content/shared/RemoteError.sys.mjs:8:8\nWebDriverError@chrome://remote/content/shared/webdriver/Errors.sys.mjs:183:5\nNoSuchElementError@chrome://remote/content/shared/webdriver/Errors.sys.mjs:395:5\nelement.find/</<@chrome://remote/content/marionette/element.sys.mjs:134:16\n\nScreenshot: file://C:\\Users\\skmee\\.selene\\screenshots\\1690621126699\\1690621126700.png\nPageSource: file://C:\\Users\\skmee\\.selene\\screenshots\\1690621126699\\1690621126700.html", "trace": "fn = <selene.core.conditions.CollectionCondition object at 0x0000018E7BA1A3D0>\n\n    @self._decorator(self)\n    def _(fn: Callable[[E], R]) -> R:\n        finish_time = time.time() + self._timeout\n    \n        while True:\n            try:\n>               return fn(self.entity)\n\n..\\..\\..\\AppData\\Local\\Programs\\Python\\Python311\\Lib\\site-packages\\selene\\core\\wait.py:122: \n_ _ _ _ _ _ _ _ _ _ _ _ _ _ _ _ _ _ _ _ _ _ _ _ _ _ _ _ _ _ _ _ _ _ _ _ _ _ _ _\n\nself = <selene.core.conditions.CollectionCondition object at 0x0000018E7BA1A3D0>\nentity = <selene.core.entity.Element object at 0x0000018E7D0BA1D0>\n\n    def __call__(self, entity: E) -> None:\n>       return self._fn(entity)\n\n..\\..\\..\\AppData\\Local\\Programs\\Python\\Python311\\Lib\\site-packages\\selene\\core\\condition.py:174: \n_ _ _ _ _ _ _ _ _ _ _ _ _ _ _ _ _ _ _ _ _ _ _ _ _ _ _ _ _ _ _ _ _ _ _ _ _ _ _ _\n\nentity = <selene.core.entity.Element object at 0x0000018E7D0BA1D0>\n\n    def fn(entity: E) -> None:\n        query_to_str = str(query)\n        result = (\n            query.__name__\n            if query_to_str.startswith('<function')\n            else query_to_str\n        )\n>       actual = query(entity)\n\n..\\..\\..\\AppData\\Local\\Programs\\Python\\Python311\\Lib\\site-packages\\selene\\core\\condition.py:145: \n_ _ _ _ _ _ _ _ _ _ _ _ _ _ _ _ _ _ _ _ _ _ _ _ _ _ _ _ _ _ _ _ _ _ _ _ _ _ _ _\n\ncollection = <selene.core.entity.Element object at 0x0000018E7D0BA1D0>\n\n    def visible_texts(collection: Collection) -> List[str]:\n        return [\n            webelement.text\n>           for webelement in collection()\n            if webelement.is_displayed()\n        ]\n\n..\\..\\..\\AppData\\Local\\Programs\\Python\\Python311\\Lib\\site-packages\\selene\\core\\match.py:395: \n_ _ _ _ _ _ _ _ _ _ _ _ _ _ _ _ _ _ _ _ _ _ _ _ _ _ _ _ _ _ _ _ _ _ _ _ _ _ _ _\n\nself = <selene.core.entity.Element object at 0x0000018E7D0BA1D0>\n\n    def __call__(self) -> WebElement:\n>       return self.locate()\n\n..\\..\\..\\AppData\\Local\\Programs\\Python\\Python311\\Lib\\site-packages\\selene\\core\\entity.py:186: \n_ _ _ _ _ _ _ _ _ _ _ _ _ _ _ _ _ _ _ _ _ _ _ _ _ _ _ _ _ _ _ _ _ _ _ _ _ _ _ _\n\nself = <selene.core.entity.Element object at 0x0000018E7D0BA1D0>\n\n    def locate(self) -> WebElement:\n>       return self._locator()\n\n..\\..\\..\\AppData\\Local\\Programs\\Python\\Python311\\Lib\\site-packages\\selene\\core\\entity.py:179: \n_ _ _ _ _ _ _ _ _ _ _ _ _ _ _ _ _ _ _ _ _ _ _ _ _ _ _ _ _ _ _ _ _ _ _ _ _ _ _ _\n\nself = <selene.core.locator.Locator object at 0x0000018E7CDB7390>\n\n    def __call__(self) -> T:\n>       return self._locate()\n\n..\\..\\..\\AppData\\Local\\Programs\\Python\\Python311\\Lib\\site-packages\\selene\\core\\locator.py:34: \n_ _ _ _ _ _ _ _ _ _ _ _ _ _ _ _ _ _ _ _ _ _ _ _ _ _ _ _ _ _ _ _ _ _ _ _ _ _ _ _\n\n>           f'{self}.element({by})', lambda: self.driver.find_element(*by)\n        ),\n        self.config,\n    )\n\n..\\..\\..\\AppData\\Local\\Programs\\Python\\Python311\\Lib\\site-packages\\selene\\core\\entity.py:1132: \n_ _ _ _ _ _ _ _ _ _ _ _ _ _ _ _ _ _ _ _ _ _ _ _ _ _ _ _ _ _ _ _ _ _ _ _ _ _ _ _\n\nself = <selenium.webdriver.firefox.webdriver.WebDriver (session=\"d7350628-9fea-48a5-a213-3c0ea1cb3580\")>\nby = 'css selector', value = '.cart_item_label'\n\n    def find_element(self, by=By.ID, value=None) -> WebElement:\n        \"\"\"\n        Find an element given a By strategy and locator.\n    \n        :Usage:\n            ::\n    \n                element = driver.find_element(By.ID, 'foo')\n    \n        :rtype: WebElement\n        \"\"\"\n        if isinstance(by, RelativeBy):\n            elements = self.find_elements(by=by, value=value)\n            if not elements:\n                raise NoSuchElementException(f\"Cannot locate relative element with: {by.root}\")\n            return elements[0]\n    \n        if by == By.ID:\n            by = By.CSS_SELECTOR\n            value = '[id=\"%s\"]' % value\n        elif by == By.CLASS_NAME:\n            by = By.CSS_SELECTOR\n            value = \".%s\" % value\n        elif by == By.NAME:\n            by = By.CSS_SELECTOR\n            value = '[name=\"%s\"]' % value\n    \n>       return self.execute(Command.FIND_ELEMENT, {\n            'using': by,\n            'value': value})['value']\n\n..\\..\\..\\AppData\\Local\\Programs\\Python\\Python311\\Lib\\site-packages\\selenium\\webdriver\\remote\\webdriver.py:855: \n_ _ _ _ _ _ _ _ _ _ _ _ _ _ _ _ _ _ _ _ _ _ _ _ _ _ _ _ _ _ _ _ _ _ _ _ _ _ _ _\n\nself = <selenium.webdriver.firefox.webdriver.WebDriver (session=\"d7350628-9fea-48a5-a213-3c0ea1cb3580\")>\ndriver_command = 'findElement'\nparams = {'using': 'css selector', 'value': '.cart_item_label'}\n\n    def execute(self, driver_command: str, params: dict = None) -> dict:\n        \"\"\"\n        Sends a command to be executed by a command.CommandExecutor.\n    \n        :Args:\n         - driver_command: The name of the command to execute as a string.\n         - params: A dictionary of named parameters to send with the command.\n    \n        :Returns:\n          The command's JSON response loaded into a dictionary object.\n        \"\"\"\n        if self.session_id:\n            if not params:\n                params = {'sessionId': self.session_id}\n            elif 'sessionId' not in params:\n                params['sessionId'] = self.session_id\n    \n        params = self._wrap_value(params)\n        response = self.command_executor.execute(driver_command, params)\n        if response:\n>           self.error_handler.check_response(response)\n\n..\\..\\..\\AppData\\Local\\Programs\\Python\\Python311\\Lib\\site-packages\\selenium\\webdriver\\remote\\webdriver.py:428: \n_ _ _ _ _ _ _ _ _ _ _ _ _ _ _ _ _ _ _ _ _ _ _ _ _ _ _ _ _ _ _ _ _ _ _ _ _ _ _ _\n\nself = <selenium.webdriver.remote.errorhandler.ErrorHandler object at 0x0000018E7CDD76D0>\nresponse = {'status': 404, 'value': '{\"value\":{\"error\":\"no such element\",\"message\":\"Unable to locate element: .cart_item_label\",\"...red/webdriver/Errors.sys.mjs:395:5\\\\nelement.find/</<@chrome://remote/content/marionette/element.sys.mjs:134:16\\\\n\"}}'}\n\n    def check_response(self, response: Dict[str, Any]) -> None:\n        \"\"\"\n        Checks that a JSON response from the WebDriver does not have an error.\n    \n        :Args:\n         - response - The JSON response from the WebDriver server as a dictionary\n           object.\n    \n        :Raises: If the response contains an error message.\n        \"\"\"\n        status = response.get('status', None)\n        if not status or status == ErrorCode.SUCCESS:\n            return\n        value = None\n        message = response.get(\"message\", \"\")\n        screen: str = response.get(\"screen\", \"\")\n        stacktrace = None\n        if isinstance(status, int):\n            value_json = response.get('value', None)\n            if value_json and isinstance(value_json, str):\n                import json\n                try:\n                    value = json.loads(value_json)\n                    if len(value.keys()) == 1:\n                        value = value['value']\n                    status = value.get('error', None)\n                    if not status:\n                        status = value.get(\"status\", ErrorCode.UNKNOWN_ERROR)\n                        message = value.get(\"value\") or value.get(\"message\")\n                        if not isinstance(message, str):\n                            value = message\n                            message = message.get('message')\n                    else:\n                        message = value.get('message', None)\n                except ValueError:\n                    pass\n    \n        exception_class: Type[WebDriverException]\n        if status in ErrorCode.NO_SUCH_ELEMENT:\n            exception_class = NoSuchElementException\n        elif status in ErrorCode.NO_SUCH_FRAME:\n            exception_class = NoSuchFrameException\n        elif status in ErrorCode.NO_SUCH_SHADOW_ROOT:\n            exception_class = NoSuchShadowRootException\n        elif status in ErrorCode.NO_SUCH_WINDOW:\n            exception_class = NoSuchWindowException\n        elif status in ErrorCode.STALE_ELEMENT_REFERENCE:\n            exception_class = StaleElementReferenceException\n        elif status in ErrorCode.ELEMENT_NOT_VISIBLE:\n            exception_class = ElementNotVisibleException\n        elif status in ErrorCode.INVALID_ELEMENT_STATE:\n            exception_class = InvalidElementStateException\n        elif status in ErrorCode.INVALID_SELECTOR \\\n                or status in ErrorCode.INVALID_XPATH_SELECTOR \\\n                or status in ErrorCode.INVALID_XPATH_SELECTOR_RETURN_TYPER:\n            exception_class = InvalidSelectorException\n        elif status in ErrorCode.ELEMENT_IS_NOT_SELECTABLE:\n            exception_class = ElementNotSelectableException\n        elif status in ErrorCode.ELEMENT_NOT_INTERACTABLE:\n            exception_class = ElementNotInteractableException\n        elif status in ErrorCode.INVALID_COOKIE_DOMAIN:\n            exception_class = InvalidCookieDomainException\n        elif status in ErrorCode.UNABLE_TO_SET_COOKIE:\n            exception_class = UnableToSetCookieException\n        elif status in ErrorCode.TIMEOUT:\n            exception_class = TimeoutException\n        elif status in ErrorCode.SCRIPT_TIMEOUT:\n            exception_class = TimeoutException\n        elif status in ErrorCode.UNKNOWN_ERROR:\n            exception_class = WebDriverException\n        elif status in ErrorCode.UNEXPECTED_ALERT_OPEN:\n            exception_class = UnexpectedAlertPresentException\n        elif status in ErrorCode.NO_ALERT_OPEN:\n            exception_class = NoAlertPresentException\n        elif status in ErrorCode.IME_NOT_AVAILABLE:\n            exception_class = ImeNotAvailableException\n        elif status in ErrorCode.IME_ENGINE_ACTIVATION_FAILED:\n            exception_class = ImeActivationFailedException\n        elif status in ErrorCode.MOVE_TARGET_OUT_OF_BOUNDS:\n            exception_class = MoveTargetOutOfBoundsException\n        elif status in ErrorCode.JAVASCRIPT_ERROR:\n            exception_class = JavascriptException\n        elif status in ErrorCode.SESSION_NOT_CREATED:\n            exception_class = SessionNotCreatedException\n        elif status in ErrorCode.INVALID_ARGUMENT:\n            exception_class = InvalidArgumentException\n        elif status in ErrorCode.NO_SUCH_COOKIE:\n            exception_class = NoSuchCookieException\n        elif status in ErrorCode.UNABLE_TO_CAPTURE_SCREEN:\n            exception_class = ScreenshotException\n        elif status in ErrorCode.ELEMENT_CLICK_INTERCEPTED:\n            exception_class = ElementClickInterceptedException\n        elif status in ErrorCode.INSECURE_CERTIFICATE:\n            exception_class = InsecureCertificateException\n        elif status in ErrorCode.INVALID_COORDINATES:\n            exception_class = InvalidCoordinatesException\n        elif status in ErrorCode.INVALID_SESSION_ID:\n            exception_class = InvalidSessionIdException\n        elif status in ErrorCode.UNKNOWN_METHOD:\n            exception_class = UnknownMethodException\n        else:\n            exception_class = WebDriverException\n        if not value:\n            value = response['value']\n        if isinstance(value, str):\n            raise exception_class(value)\n        if message == \"\" and 'message' in value:\n            message = value['message']\n    \n        screen = None  # type: ignore[assignment]\n        if 'screen' in value:\n            screen = value['screen']\n    \n        stacktrace = None\n        st_value = value.get('stackTrace') or value.get('stacktrace')\n        if st_value:\n            if isinstance(st_value, str):\n                stacktrace = st_value.split('\\n')\n            else:\n                stacktrace = []\n                try:\n                    for frame in st_value:\n                        line = frame.get(\"lineNumber\", \"\")\n                        file = frame.get(\"fileName\", \"<anonymous>\")\n                        if line:\n                            file = f\"{file}:{line}\"\n                        meth = frame.get('methodName', '<anonymous>')\n                        if 'className' in frame:\n                            meth = \"{}.{}\".format(frame['className'], meth)\n                        msg = \"    at %s (%s)\"\n                        msg = msg % (meth, file)\n                        stacktrace.append(msg)\n                except TypeError:\n                    pass\n        if exception_class == UnexpectedAlertPresentException:\n            alert_text = None\n            if 'data' in value:\n                alert_text = value['data'].get('text')\n            elif 'alert' in value:\n                alert_text = value['alert'].get('text')\n            raise exception_class(message, screen, stacktrace, alert_text)  # type: ignore[call-arg]  # mypy is not smart enough here\n>       raise exception_class(message, screen, stacktrace)\nE       selenium.common.exceptions.NoSuchElementException: Message: Unable to locate element: .cart_item_label\nE       Stacktrace:\nE       RemoteError@chrome://remote/content/shared/RemoteError.sys.mjs:8:8\nE       WebDriverError@chrome://remote/content/shared/webdriver/Errors.sys.mjs:183:5\nE       NoSuchElementError@chrome://remote/content/shared/webdriver/Errors.sys.mjs:395:5\nE       element.find/</<@chrome://remote/content/marionette/element.sys.mjs:134:16\n\n..\\..\\..\\AppData\\Local\\Programs\\Python\\Python311\\Lib\\site-packages\\selenium\\webdriver\\remote\\errorhandler.py:243: NoSuchElementException\n\nDuring handling of the above exception, another exception occurred:\n\nlogin = <sauce_demo_UI_autotests.model.application.Application object at 0x0000018E7CD9A890>\n\n    @allure.tag(\"web\")\n    @allure.feature(f'Add Product to Cart')\n    @allure.story(\"Verify that users can add items to the cart and the cart updates accordingly.\")\n    def test_add_product_to_cart(login):\n        with allure.step(\"From main page find the cheapest item and  to the cart\"):\n            app.main_page.open_homepage().\\\n                filter_by_price().\\\n                add_to_cart_cheapest_product()\n        with allure.step(\"Verify that the number of items in the cart has increased by one\"):\n>           app.cart_page.open().verify_product_added()\n\ntest_cart_page.py:15: \n_ _ _ _ _ _ _ _ _ _ _ _ _ _ _ _ _ _ _ _ _ _ _ _ _ _ _ _ _ _ _ _ _ _ _ _ _ _ _ _\n..\\sauce_demo_UI_autotests\\model\\pages\\cart_page.py:11: in verify_product_added\n    browser.element('.cart_item_label').should(have.texts(\"Sauce Labs Onesie\"))\n..\\..\\..\\AppData\\Local\\Programs\\Python\\Python311\\Lib\\site-packages\\selene\\core\\entity.py:594: in should\n    super().should(condition)\n..\\..\\..\\AppData\\Local\\Programs\\Python\\Python311\\Lib\\site-packages\\selene\\core\\entity.py:127: in should\n    self.wait.for_(condition)\n..\\..\\..\\AppData\\Local\\Programs\\Python\\Python311\\Lib\\site-packages\\selene\\core\\wait.py:147: in for_\n    return _(fn)\n_ _ _ _ _ _ _ _ _ _ _ _ _ _ _ _ _ _ _ _ _ _ _ _ _ _ _ _ _ _ _ _ _ _ _ _ _ _ _ _\n\nfn = <selene.core.conditions.CollectionCondition object at 0x0000018E7BA1A3D0>\n\n    @self._decorator(self)\n    def _(fn: Callable[[E], R]) -> R:\n        finish_time = time.time() + self._timeout\n    \n        while True:\n            try:\n                return fn(self.entity)\n            except Exception as reason:\n                if time.time() > finish_time:\n    \n                    reason_message = str(reason)\n    \n                    reason_string = '{name}: {message}'.format(\n                        name=reason.__class__.__name__,\n                        message=reason_message,\n                    )\n                    # todo: think on how can we improve logging failures in selene, e.g. reverse msg and stacktrace\n                    # stacktrace = getattr(reason, 'stacktrace', None)\n                    timeout = self._timeout\n                    entity = self.entity\n    \n                    failure = TimeoutException(\n                        f'\\n'\n                        f'\\nTimed out after {timeout}s, while waiting for:'\n                        f'\\n{entity}.{fn}'\n                        f'\\n'\n                        f'\\nReason: {reason_string}'\n                    )\n    \n>                   raise self._hook_failure(failure)\nE                   selene.core.exceptions.TimeoutException: Message: \nE                   \nE                   Timed out after 2.0s, while waiting for:\nE                   browser.element(('css selector', '.cart_item_label')).has texts ('Sauce Labs Onesie',)\nE                   \nE                   Reason: NoSuchElementException: Message: Unable to locate element: .cart_item_label\nE                   Stacktrace:\nE                   RemoteError@chrome://remote/content/shared/RemoteError.sys.mjs:8:8\nE                   WebDriverError@chrome://remote/content/shared/webdriver/Errors.sys.mjs:183:5\nE                   NoSuchElementError@chrome://remote/content/shared/webdriver/Errors.sys.mjs:395:5\nE                   element.find/</<@chrome://remote/content/marionette/element.sys.mjs:134:16\nE                   \nE                   Screenshot: file://C:\\Users\\skmee\\.selene\\screenshots\\1690621126699\\1690621126700.png\nE                   PageSource: file://C:\\Users\\skmee\\.selene\\screenshots\\1690621126699\\1690621126700.html\n\n..\\..\\..\\AppData\\Local\\Programs\\Python\\Python311\\Lib\\site-packages\\selene\\core\\wait.py:145: TimeoutException"}, "steps": [{"name": "From main page find the cheapest item and  to the cart", "status": "passed", "start": 1690621137878, "stop": 1690621138798}, {"name": "Verify that the number of items in the cart has increased by one", "status": "failed", "statusDetails": {"message": "selene.core.exceptions.TimeoutException: Message: \n\nTimed out after 2.0s, while waiting for:\nbrowser.element(('css selector', '.cart_item_label')).has texts ('Sauce Labs Onesie',)\n\nReason: NoSuchElementException: Message: Unable to locate element: .cart_item_label\nStacktrace:\nRemoteError@chrome://remote/content/shared/RemoteError.sys.mjs:8:8\nWebDriverError@chrome://remote/content/shared/webdriver/Errors.sys.mjs:183:5\nNoSuchElementError@chrome://remote/content/shared/webdriver/Errors.sys.mjs:395:5\nelement.find/</<@chrome://remote/content/marionette/element.sys.mjs:134:16\n\nScreenshot: file://C:\\Users\\skmee\\.selene\\screenshots\\1690621126699\\1690621126700.png\nPageSource: file://C:\\Users\\skmee\\.selene\\screenshots\\1690621126699\\1690621126700.html\n\n", "trace": "  File \"C:\\Users\\skmee\\PycharmProjects\\sauce_demo_UI_autotests\\tests\\test_cart_page.py\", line 15, in test_add_product_to_cart\n    app.cart_page.open().verify_product_added()\n  File \"C:\\Users\\skmee\\PycharmProjects\\sauce_demo_UI_autotests\\sauce_demo_UI_autotests\\model\\pages\\cart_page.py\", line 11, in verify_product_added\n    browser.element('.cart_item_label').should(have.texts(\"Sauce Labs Onesie\"))\n  File \"C:\\Users\\skmee\\AppData\\Local\\Programs\\Python\\Python311\\Lib\\site-packages\\selene\\core\\entity.py\", line 594, in should\n    super().should(condition)\n  File \"C:\\Users\\skmee\\AppData\\Local\\Programs\\Python\\Python311\\Lib\\site-packages\\selene\\core\\entity.py\", line 127, in should\n    self.wait.for_(condition)\n  File \"C:\\Users\\skmee\\AppData\\Local\\Programs\\Python\\Python311\\Lib\\site-packages\\selene\\core\\wait.py\", line 147, in for_\n    return _(fn)\n           ^^^^^\n  File \"C:\\Users\\skmee\\AppData\\Local\\Programs\\Python\\Python311\\Lib\\site-packages\\selene\\core\\wait.py\", line 145, in _\n    raise self._hook_failure(failure)\n"}, "start": 1690621138798, "stop": 1690621140925}], "start": 1690621137876, "stop": 1690621140943, "uuid": "5c2f7573-e074-4034-b0e9-8dcb4a197e5d", "historyId": "5f49604ed81b35e667d16c534876c103", "testCaseId": "45712f94275279a0d7954510f493ad53", "fullName": "tests.test_cart_page#test_add_product_to_cart", "labels": [{"name": "story", "value": "Verify that users can add items to the cart and the cart updates accordingly."}, {"name": "feature", "value": "Add Product to Cart"}, {"name": "tag", "value": "web"}, {"name": "parentSuite", "value": "tests"}, {"name": "suite", "value": "test_cart_page"}, {"name": "host", "value": "LAPTOP-OFQSKCIR"}, {"name": "thread", "value": "1940-MainThread"}, {"name": "framework", "value": "pytest"}, {"name": "language", "value": "cpython3"}, {"name": "package", "value": "tests.test_cart_page"}]}